<?xml version="1.0" encoding="UTF-8"?>
<testsuite xmlns:xsi="http://www.w3.org/2001/XMLSchema-instance" xsi:noNamespaceSchemaLocation="https://maven.apache.org/surefire/maven-surefire-plugin/xsd/surefire-test-report.xsd" version="3.0.2" name="com.trade.tradelicense.TradelicenseApplicationTests" time="9.766" tests="1" errors="0" skipped="0" failures="0" flakes="0">
  <properties>
[...]
</properties>
  <testcase name="contextLoads" classname="com.trade.tradelicense.TradelicenseApplicationTests" time="0.653">
    <system-out><![CDATA[11:30:35.687 [main] INFO org.springframework.test.context.support.AnnotationConfigContextLoaderUtils -- Could not detect default configuration classes for test class [com.trade.tradelicense.TradelicenseApplicationTests]: TradelicenseApplicationTests does not declare any static, non-private, non-final, nested classes annotated with @Configuration.
11:30:35.891 [main] INFO org.springframework.boot.test.context.SpringBootTestContextBootstrapper -- Found @SpringBootConfiguration com.trade.tradelicense.TradelicenseApplication for test class com.trade.tradelicense.TradelicenseApplicationTests
11:30:36.047 [main] INFO org.springframework.test.context.support.AnnotationConfigContextLoaderUtils -- Could not detect default configuration classes for test class [com.trade.tradelicense.TradelicenseApplicationTests]: TradelicenseApplicationTests does not declare any static, non-private, non-final, nested classes annotated with @Configuration.
11:30:36.049 [main] INFO org.springframework.boot.test.context.SpringBootTestContextBootstrapper -- Found @SpringBootConfiguration com.trade.tradelicense.TradelicenseApplication for test class com.trade.tradelicense.TradelicenseApplicationTests

  .   ____          _            __ _ _
 /\\ / ___'_ __ _ _(_)_ __  __ _ \ \ \ \
( ( )\___ | '_ | '_| | '_ \/ _` | \ \ \ \
 \\/  ___)| |_)| | | | | || (_| |  ) ) ) )
  '  |____| .__|_| |_|_| |_\__, | / / / /
 =========|_|==============|___/=/_/_/_/

 :: Spring Boot ::                (v4.0.6)

2026-05-02T11:30:36.712+03:00  INFO 28420 --- [tradelicense] [           main] c.t.t.TradelicenseApplicationTests       : Starting TradelicenseApplicationTests using Java 17.0.12 with PID 28420 (started by zacha in C:\Users\zacha\AppData\Local\Temp\aef058f3-c380-407d-9687-593e3baaaed3_demo.zip.ed3\tradelicense)
2026-05-02T11:30:36.715+03:00  INFO 28420 --- [tradelicense] [           main] c.t.t.TradelicenseApplicationTests       : No active profile set, falling back to 1 default profile: "default"
2026-05-02T11:30:38.140+03:00  INFO 28420 --- [tradelicense] [           main] .s.d.r.c.RepositoryConfigurationDelegate : Bootstrapping Spring Data JPA repositories in DEFAULT mode.
2026-05-02T11:30:38.311+03:00  INFO 28420 --- [tradelicense] [           main] .s.d.r.c.RepositoryConfigurationDelegate : Finished Spring Data repository scanning in 153 ms. Found 2 JPA repository interfaces.
2026-05-02T11:30:39.217+03:00  INFO 28420 --- [tradelicense] [           main] org.hibernate.orm.jpa                    : HHH008540: Processing PersistenceUnitInfo [name: default]
2026-05-02T11:30:39.355+03:00  INFO 28420 --- [tradelicense] [           main] org.hibernate.orm.core                   : HHH000001: Hibernate ORM core version 7.2.12.Final
2026-05-02T11:30:40.496+03:00  INFO 28420 --- [tradelicense] [           main] o.s.o.j.p.SpringPersistenceUnitInfo      : No LoadTimeWeaver setup: ignoring JPA class transformer
2026-05-02T11:30:40.554+03:00  INFO 28420 --- [tradelicense] [           main] com.zaxxer.hikari.HikariDataSource       : HikariPool-1 - Starting...
2026-05-02T11:30:40.844+03:00  INFO 28420 --- [tradelicense] [           main] com.zaxxer.hikari.pool.HikariPool        : HikariPool-1 - Added connection conn0: url=jdbc:h2:mem:tradelicense user=SA
2026-05-02T11:30:40.847+03:00  INFO 28420 --- [tradelicense] [           main] com.zaxxer.hikari.HikariDataSource       : HikariPool-1 - Start completed.
2026-05-02T11:30:40.942+03:00  INFO 28420 --- [tradelicense] [           main] org.hibernate.orm.connections.pooling    : HHH10001005: Database info:
	Database JDBC URL [jdbc:h2:mem:tradelicense]
	Database driver: H2 JDBC Driver
	Database dialect: H2Dialect
	Database version: 2.4.240
	Default catalog/schema: TRADELICENSE/PUBLIC
	Autocommit mode: undefined/unknown
	Isolation level: READ_COMMITTED [default READ_COMMITTED]
	JDBC fetch size: 100
	Pool: DataSourceConnectionProvider
	Minimum pool size: undefined/unknown
	Maximum pool size: undefined/unknown
2026-05-02T11:30:42.403+03:00  INFO 28420 --- [tradelicense] [           main] org.hibernate.orm.core                   : HHH000489: No JTA platform available (set 'hibernate.transaction.jta.platform' to enable JTA platform integration)
Hibernate: create table trade_license_applications (id uuid not null, applicant_id uuid, applicant_role enum ('APPROVER','CUSTOMER','LICENSEE','REVIEWER'), approval_comment varchar(255), approval_decision enum ('APPROVE','REJECT','REREVIEW'), approved_at timestamp(6), approver_id uuid, commodity varchar(255), document_id uuid, document_reference varchar(255), document_status enum ('REJECTED','UPLOADED','VERIFIED'), document_type varchar(255), document_uploaded_at timestamp(6), email varchar(255), full_name varchar(255), national_id_number varchar(255), payment_amount numeric(38,2), payment_currency varchar(255), payment_reference varchar(255), payment_settled_at timestamp(6), payment_settlement_id uuid, payment_status enum ('FAILED','NOT_PAID','PENDING','SETTLED'), phone_number varchar(255), review_comment varchar(255), review_decision enum ('ACCEPT','ADJUST','REJECT'), reviewed_at timestamp(6), reviewer_id uuid, status enum ('APPROVED','CANCELLED','DRAFT','LICENSE_ISSUED','PENDING_APPROVAL','PENDING_REVIEW','REJECTED','RETURNED_FOR_ADJUSTMENT'), trade_license_type varchar(255), primary key (id))
Hibernate: create table trade_licenses (id uuid not null, applicant_id uuid, commodity varchar(255), full_name varchar(255), issued_date date, license_number varchar(255), source_application_id uuid, tin_number varchar(255), trade_license_type varchar(255), primary key (id))
Hibernate: alter table if exists trade_license_applications drop constraint if exists UK4yquafdjp77oleploj6to1k82
Hibernate: alter table if exists trade_license_applications add constraint UK4yquafdjp77oleploj6to1k82 unique (applicant_id)
Hibernate: alter table if exists trade_license_applications drop constraint if exists UKpaep739qmm9xpo9c97ttmxib3
Hibernate: alter table if exists trade_license_applications add constraint UKpaep739qmm9xpo9c97ttmxib3 unique (approver_id)
Hibernate: alter table if exists trade_license_applications drop constraint if exists UKo8p3kuo5ryxpwmr67ofq3nio5
Hibernate: alter table if exists trade_license_applications add constraint UKo8p3kuo5ryxpwmr67ofq3nio5 unique (document_id)
Hibernate: alter table if exists trade_license_applications drop constraint if exists UKnhgd2txd738xmsl6qeh0xggtm
Hibernate: alter table if exists trade_license_applications add constraint UKnhgd2txd738xmsl6qeh0xggtm unique (email)
Hibernate: alter table if exists trade_license_applications drop constraint if exists UKdb0jearvlqfkbiw6crnh5i9ab
Hibernate: alter table if exists trade_license_applications add constraint UKdb0jearvlqfkbiw6crnh5i9ab unique (full_name)
Hibernate: alter table if exists trade_license_applications drop constraint if exists UK3uv8uhbnhm7bxr3gt7fxohwpr
Hibernate: alter table if exists trade_license_applications add constraint UK3uv8uhbnhm7bxr3gt7fxohwpr unique (national_id_number)
Hibernate: alter table if exists trade_license_applications drop constraint if exists UKga0qcx5mc4beaeh0slpx9527n
Hibernate: alter table if exists trade_license_applications add constraint UKga0qcx5mc4beaeh0slpx9527n unique (payment_settlement_id)
Hibernate: alter table if exists trade_license_applications drop constraint if exists UKsdir2bgr04iji6bk5h98qr4mp
Hibernate: alter table if exists trade_license_applications add constraint UKsdir2bgr04iji6bk5h98qr4mp unique (phone_number)
Hibernate: alter table if exists trade_license_applications drop constraint if exists UKiti8l6ckxv2mf7ri4pls4b9pr
Hibernate: alter table if exists trade_license_applications add constraint UKiti8l6ckxv2mf7ri4pls4b9pr unique (reviewer_id)
Hibernate: alter table if exists trade_licenses drop constraint if exists UK99k7cnmovgmqqo9nlc4g9cp1b
Hibernate: alter table if exists trade_licenses add constraint UK99k7cnmovgmqqo9nlc4g9cp1b unique (license_number)
Hibernate: alter table if exists trade_licenses drop constraint if exists UK51yxr6mbp44l9u6kk66fptnyp
Hibernate: alter table if exists trade_licenses add constraint UK51yxr6mbp44l9u6kk66fptnyp unique (tin_number)
2026-05-02T11:30:42.521+03:00  INFO 28420 --- [tradelicense] [           main] j.LocalContainerEntityManagerFactoryBean : Initialized JPA EntityManagerFactory for persistence unit 'default'
2026-05-02T11:30:42.733+03:00  INFO 28420 --- [tradelicense] [           main] o.s.d.j.r.query.QueryEnhancerFactories   : Hibernate is in classpath; If applicable, HQL parser will be used.
2026-05-02T11:30:43.560+03:00  INFO 28420 --- [tradelicense] [           main] o.s.b.w.a.WelcomePageHandlerMapping      : Adding welcome page: class path resource [static/index.html]
2026-05-02T11:30:44.213+03:00  INFO 28420 --- [tradelicense] [           main] o.s.b.h.a.H2ConsoleAutoConfiguration     : H2 console available at '/h2-console'. Database available at 'jdbc:h2:mem:tradelicense'
2026-05-02T11:30:44.385+03:00  INFO 28420 --- [tradelicense] [           main] c.t.t.TradelicenseApplicationTests       : Started TradelicenseApplicationTests in 8.19 seconds (process running for 10.196)
]]></system-out>
  </testcase>
</testsuite>