<?xml version="1.0" encoding="UTF-8"?>
<testsuite xmlns:xsi="http://www.w3.org/2001/XMLSchema-instance" xsi:noNamespaceSchemaLocation="https://maven.apache.org/surefire/maven-surefire-plugin/xsd/surefire-test-report.xsd" version="3.0.2" name="com.trade.tradelicense.TradelicenseApplicationTests" time="14.279" tests="1" errors="0" skipped="0" failures="0" flakes="0">
  <properties>
[...]
</properties>
  <testcase name="contextLoads" classname="com.trade.tradelicense.TradelicenseApplicationTests" time="1.029">
    <system-out><![CDATA[12:06:33.422 [main] INFO org.springframework.test.context.support.AnnotationConfigContextLoaderUtils -- Could not detect default configuration classes for test class [com.trade.tradelicense.TradelicenseApplicationTests]: TradelicenseApplicationTests does not declare any static, non-private, non-final, nested classes annotated with @Configuration.
12:06:33.690 [main] INFO org.springframework.boot.test.context.SpringBootTestContextBootstrapper -- Found @SpringBootConfiguration com.trade.tradelicense.TradelicenseApplication for test class com.trade.tradelicense.TradelicenseApplicationTests
12:06:33.923 [main] INFO org.springframework.test.context.support.AnnotationConfigContextLoaderUtils -- Could not detect default configuration classes for test class [com.trade.tradelicense.TradelicenseApplicationTests]: TradelicenseApplicationTests does not declare any static, non-private, non-final, nested classes annotated with @Configuration.
12:06:33.926 [main] INFO org.springframework.boot.test.context.SpringBootTestContextBootstrapper -- Found @SpringBootConfiguration com.trade.tradelicense.TradelicenseApplication for test class com.trade.tradelicense.TradelicenseApplicationTests

  .   ____          _            __ _ _
 /\\ / ___'_ __ _ _(_)_ __  __ _ \ \ \ \
( ( )\___ | '_ | '_| | '_ \/ _` | \ \ \ \
 \\/  ___)| |_)| | | | | || (_| |  ) ) ) )
  '  |____| .__|_| |_|_| |_\__, | / / / /
 =========|_|==============|___/=/_/_/_/

 :: Spring Boot ::                (v4.0.6)

2026-05-09T12:06:34.724+03:00  INFO 30624 --- [tradelicense] [           main] c.t.t.TradelicenseApplicationTests       : Starting TradelicenseApplicationTests using Java 17.0.12 with PID 30624 (started by zacha in C:\Users\zacha\Documents\GitHub\TradeLicense Backend)
2026-05-09T12:06:34.728+03:00  INFO 30624 --- [tradelicense] [           main] c.t.t.TradelicenseApplicationTests       : No active profile set, falling back to 1 default profile: "default"
2026-05-09T12:06:36.584+03:00  INFO 30624 --- [tradelicense] [           main] .s.d.r.c.RepositoryConfigurationDelegate : Bootstrapping Spring Data JPA repositories in DEFAULT mode.
2026-05-09T12:06:36.807+03:00  INFO 30624 --- [tradelicense] [           main] .s.d.r.c.RepositoryConfigurationDelegate : Finished Spring Data repository scanning in 200 ms. Found 6 JPA repository interfaces.
2026-05-09T12:06:37.800+03:00  INFO 30624 --- [tradelicense] [           main] org.hibernate.orm.jpa                    : HHH008540: Processing PersistenceUnitInfo [name: default]
2026-05-09T12:06:37.962+03:00  INFO 30624 --- [tradelicense] [           main] org.hibernate.orm.core                   : HHH000001: Hibernate ORM core version 7.2.12.Final
2026-05-09T12:06:39.105+03:00  INFO 30624 --- [tradelicense] [           main] o.s.o.j.p.SpringPersistenceUnitInfo      : No LoadTimeWeaver setup: ignoring JPA class transformer
2026-05-09T12:06:39.186+03:00  INFO 30624 --- [tradelicense] [           main] com.zaxxer.hikari.HikariDataSource       : HikariPool-1 - Starting...
2026-05-09T12:06:39.488+03:00  INFO 30624 --- [tradelicense] [           main] com.zaxxer.hikari.pool.HikariPool        : HikariPool-1 - Added connection conn0: url=jdbc:h2:mem:tradelicense user=SA
2026-05-09T12:06:39.492+03:00  INFO 30624 --- [tradelicense] [           main] com.zaxxer.hikari.HikariDataSource       : HikariPool-1 - Start completed.
2026-05-09T12:06:39.605+03:00  INFO 30624 --- [tradelicense] [           main] org.hibernate.orm.connections.pooling    : HHH10001005: Database info:
	Database JDBC URL [jdbc:h2:mem:tradelicense]
	Database driver: H2 JDBC Driver
	Database dialect: H2Dialect
	Database version: 2.4.240
	Default catalog/schema: TRADELICENSE/PUBLIC
	Autocommit mode: undefined/unknown
	Isolation level: READ_COMMITTED [default READ_COMMITTED]
	JDBC fetch size: 100
	Pool: DataSourceConnectionProvider
	Minimum pool size: undefined/unknown
	Maximum pool size: undefined/unknown
2026-05-09T12:06:41.249+03:00  INFO 30624 --- [tradelicense] [           main] org.hibernate.orm.core                   : HHH000489: No JTA platform available (set 'hibernate.transaction.jta.platform' to enable JTA platform integration)
Hibernate: create table application_audit_events (id uuid not null, action varchar(255), actor_id uuid, actor_role enum ('ADMIN','APPROVER','CUSTOMER','LICENSEE','REVIEWER'), application_id uuid, comment varchar(255), occurred_at timestamp(6), status enum ('APPROVED','CANCELLED','DRAFT','LICENSE_ISSUED','PENDING_APPROVAL','PENDING_REVIEW','REJECTED','RETURNED_FOR_ADJUSTMENT'), primary key (id))
Hibernate: create table license_type_configs (id uuid not null, active boolean not null, code varchar(255) not null, name varchar(255), required_documents varchar(255), updated_at timestamp(6), primary key (id))
Hibernate: create table stored_files (id uuid not null, application_id uuid, content_type varchar(255), document_id uuid, document_type varchar(255), kind enum ('DOCUMENT','PAYMENT_SLIP'), original_file_name varchar(255), size bigint not null, stored_file_name varchar(255), uploaded_at timestamp(6), primary key (id))
Hibernate: create table trade_license_applications (id uuid not null, applicant_id uuid, applicant_role enum ('ADMIN','APPROVER','CUSTOMER','LICENSEE','REVIEWER'), approval_comment varchar(255), approval_decision enum ('APPROVE','REJECT','REREVIEW'), approved_at timestamp(6), approver_id uuid, commodity varchar(255), document_id uuid, document_reference varchar(255), document_status enum ('REJECTED','UPLOADED','VERIFIED'), document_type varchar(255), document_uploaded_at timestamp(6), email varchar(255), full_name varchar(255), national_id_number varchar(255), payment_amount numeric(38,2), payment_currency varchar(255), payment_reference varchar(255), payment_settled_at timestamp(6), payment_settlement_id uuid, payment_status enum ('FAILED','NOT_PAID','PENDING','SETTLED'), phone_number varchar(255), review_comment varchar(255), review_decision enum ('ACCEPT','ADJUST','REJECT'), reviewed_at timestamp(6), reviewer_id uuid, status enum ('APPROVED','CANCELLED','DRAFT','LICENSE_ISSUED','PENDING_APPROVAL','PENDING_REVIEW','REJECTED','RETURNED_FOR_ADJUSTMENT'), trade_bank_account_number varchar(255), trade_license_type varchar(255), trade_name varchar(255), primary key (id))
Hibernate: create table trade_licenses (id uuid not null, applicant_id uuid, applicant_role enum ('ADMIN','APPROVER','CUSTOMER','LICENSEE','REVIEWER'), commodity varchar(255), email varchar(255), full_name varchar(255), issued_date date, license_number varchar(255), license_period_end date, license_period_start date, national_id_number varchar(255), phone_number varchar(255), source_application_id uuid, status enum ('ACTIVE','CANCELLED'), tin_number varchar(255), trade_license_type varchar(255), trade_name varchar(255), primary key (id))
Hibernate: create table user_accounts (id uuid not null, active boolean not null, bank_account_number varchar(255), business_address varchar(255), created_at timestamp(6), email varchar(255) not null, full_name varchar(255), legal_condition varchar(255), password_hash varchar(255) not null, region varchar(255), role enum ('ADMIN','APPROVER','CUSTOMER','LICENSEE','REVIEWER') not null, tin_number varchar(255), primary key (id))
Hibernate: alter table if exists license_type_configs drop constraint if exists UKj0gg9aedo8x5g0jyjk79lj421
Hibernate: alter table if exists license_type_configs add constraint UKj0gg9aedo8x5g0jyjk79lj421 unique (code)
Hibernate: alter table if exists trade_license_applications drop constraint if exists UK4yquafdjp77oleploj6to1k82
Hibernate: alter table if exists trade_license_applications add constraint UK4yquafdjp77oleploj6to1k82 unique (applicant_id)
Hibernate: alter table if exists trade_license_applications drop constraint if exists UKpaep739qmm9xpo9c97ttmxib3
Hibernate: alter table if exists trade_license_applications add constraint UKpaep739qmm9xpo9c97ttmxib3 unique (approver_id)
Hibernate: alter table if exists trade_license_applications drop constraint if exists UKo8p3kuo5ryxpwmr67ofq3nio5
Hibernate: alter table if exists trade_license_applications add constraint UKo8p3kuo5ryxpwmr67ofq3nio5 unique (document_id)
Hibernate: alter table if exists trade_license_applications drop constraint if exists UKnhgd2txd738xmsl6qeh0xggtm
Hibernate: alter table if exists trade_license_applications add constraint UKnhgd2txd738xmsl6qeh0xggtm unique (email)
Hibernate: alter table if exists trade_license_applications drop constraint if exists UKdb0jearvlqfkbiw6crnh5i9ab
Hibernate: alter table if exists trade_license_applications add constraint UKdb0jearvlqfkbiw6crnh5i9ab unique (full_name)
Hibernate: alter table if exists trade_license_applications drop constraint if exists UK3uv8uhbnhm7bxr3gt7fxohwpr
Hibernate: alter table if exists trade_license_applications add constraint UK3uv8uhbnhm7bxr3gt7fxohwpr unique (national_id_number)
Hibernate: alter table if exists trade_license_applications drop constraint if exists UKga0qcx5mc4beaeh0slpx9527n
Hibernate: alter table if exists trade_license_applications add constraint UKga0qcx5mc4beaeh0slpx9527n unique (payment_settlement_id)
Hibernate: alter table if exists trade_license_applications drop constraint if exists UKsdir2bgr04iji6bk5h98qr4mp
Hibernate: alter table if exists trade_license_applications add constraint UKsdir2bgr04iji6bk5h98qr4mp unique (phone_number)
Hibernate: alter table if exists trade_license_applications drop constraint if exists UKiti8l6ckxv2mf7ri4pls4b9pr
Hibernate: alter table if exists trade_license_applications add constraint UKiti8l6ckxv2mf7ri4pls4b9pr unique (reviewer_id)
Hibernate: alter table if exists trade_licenses drop constraint if exists UK99k7cnmovgmqqo9nlc4g9cp1b
Hibernate: alter table if exists trade_licenses add constraint UK99k7cnmovgmqqo9nlc4g9cp1b unique (license_number)
Hibernate: alter table if exists trade_licenses drop constraint if exists UK51yxr6mbp44l9u6kk66fptnyp
Hibernate: alter table if exists trade_licenses add constraint UK51yxr6mbp44l9u6kk66fptnyp unique (tin_number)
Hibernate: alter table if exists user_accounts drop constraint if exists UKr9y9pqaygfqtd70bdioa7reti
Hibernate: alter table if exists user_accounts add constraint UKr9y9pqaygfqtd70bdioa7reti unique (bank_account_number)
Hibernate: alter table if exists user_accounts drop constraint if exists UKf9sl209luxhu4rylls0h1m625
Hibernate: alter table if exists user_accounts add constraint UKf9sl209luxhu4rylls0h1m625 unique (email)
Hibernate: alter table if exists user_accounts drop constraint if exists UKrldo2l1a1ffoqiwea8p79y1yk
Hibernate: alter table if exists user_accounts add constraint UKrldo2l1a1ffoqiwea8p79y1yk unique (tin_number)
2026-05-09T12:06:41.396+03:00  INFO 30624 --- [tradelicense] [           main] j.LocalContainerEntityManagerFactoryBean : Initialized JPA EntityManagerFactory for persistence unit 'default'
2026-05-09T12:06:41.645+03:00  INFO 30624 --- [tradelicense] [           main] o.s.d.j.r.query.QueryEnhancerFactories   : Hibernate is in classpath; If applicable, HQL parser will be used.
Hibernate: select juae1_0.id from user_accounts juae1_0 where upper(juae1_0.email)=upper(?) fetch first ? rows only
Hibernate: select juae1_0.id,juae1_0.active,juae1_0.bank_account_number,juae1_0.business_address,juae1_0.created_at,juae1_0.email,juae1_0.full_name,juae1_0.legal_condition,juae1_0.password_hash,juae1_0.region,juae1_0.role,juae1_0.tin_number from user_accounts juae1_0 where juae1_0.id=?
Hibernate: insert into user_accounts (active,bank_account_number,business_address,created_at,email,full_name,legal_condition,password_hash,region,role,tin_number,id) values (?,?,?,?,?,?,?,?,?,?,?,?)
Hibernate: select juae1_0.id from user_accounts juae1_0 where upper(juae1_0.email)=upper(?) fetch first ? rows only
Hibernate: select juae1_0.id,juae1_0.active,juae1_0.bank_account_number,juae1_0.business_address,juae1_0.created_at,juae1_0.email,juae1_0.full_name,juae1_0.legal_condition,juae1_0.password_hash,juae1_0.region,juae1_0.role,juae1_0.tin_number from user_accounts juae1_0 where juae1_0.id=?
Hibernate: insert into user_accounts (active,bank_account_number,business_address,created_at,email,full_name,legal_condition,password_hash,region,role,tin_number,id) values (?,?,?,?,?,?,?,?,?,?,?,?)
Hibernate: select juae1_0.id from user_accounts juae1_0 where upper(juae1_0.email)=upper(?) fetch first ? rows only
Hibernate: select juae1_0.id,juae1_0.active,juae1_0.bank_account_number,juae1_0.business_address,juae1_0.created_at,juae1_0.email,juae1_0.full_name,juae1_0.legal_condition,juae1_0.password_hash,juae1_0.region,juae1_0.role,juae1_0.tin_number from user_accounts juae1_0 where juae1_0.id=?
Hibernate: insert into user_accounts (active,bank_account_number,business_address,created_at,email,full_name,legal_condition,password_hash,region,role,tin_number,id) values (?,?,?,?,?,?,?,?,?,?,?,?)
Hibernate: select juae1_0.id from user_accounts juae1_0 where upper(juae1_0.email)=upper(?) fetch first ? rows only
Hibernate: select juae1_0.id,juae1_0.active,juae1_0.bank_account_number,juae1_0.business_address,juae1_0.created_at,juae1_0.email,juae1_0.full_name,juae1_0.legal_condition,juae1_0.password_hash,juae1_0.region,juae1_0.role,juae1_0.tin_number from user_accounts juae1_0 where juae1_0.id=?
Hibernate: insert into user_accounts (active,bank_account_number,business_address,created_at,email,full_name,legal_condition,password_hash,region,role,tin_number,id) values (?,?,?,?,?,?,?,?,?,?,?,?)
Hibernate: select jltce1_0.id from license_type_configs jltce1_0 where upper(jltce1_0.code)=upper(?) fetch first ? rows only
Hibernate: select jltce1_0.id,jltce1_0.active,jltce1_0.code,jltce1_0.name,jltce1_0.required_documents,jltce1_0.updated_at from license_type_configs jltce1_0 where jltce1_0.id=?
Hibernate: insert into license_type_configs (active,code,name,required_documents,updated_at,id) values (?,?,?,?,?,?)
Hibernate: select jltce1_0.id from license_type_configs jltce1_0 where upper(jltce1_0.code)=upper(?) fetch first ? rows only
Hibernate: select jltce1_0.id,jltce1_0.active,jltce1_0.code,jltce1_0.name,jltce1_0.required_documents,jltce1_0.updated_at from license_type_configs jltce1_0 where jltce1_0.id=?
Hibernate: insert into license_type_configs (active,code,name,required_documents,updated_at,id) values (?,?,?,?,?,?)
Hibernate: select jltce1_0.id from license_type_configs jltce1_0 where upper(jltce1_0.code)=upper(?) fetch first ? rows only
Hibernate: select jltce1_0.id,jltce1_0.active,jltce1_0.code,jltce1_0.name,jltce1_0.required_documents,jltce1_0.updated_at from license_type_configs jltce1_0 where jltce1_0.id=?
Hibernate: insert into license_type_configs (active,code,name,required_documents,updated_at,id) values (?,?,?,?,?,?)
Hibernate: select jltce1_0.id from license_type_configs jltce1_0 where upper(jltce1_0.code)=upper(?) fetch first ? rows only
Hibernate: select jltce1_0.id,jltce1_0.active,jltce1_0.code,jltce1_0.name,jltce1_0.required_documents,jltce1_0.updated_at from license_type_configs jltce1_0 where jltce1_0.id=?
Hibernate: insert into license_type_configs (active,code,name,required_documents,updated_at,id) values (?,?,?,?,?,?)
Hibernate: select jltce1_0.id from license_type_configs jltce1_0 where upper(jltce1_0.code)=upper(?) fetch first ? rows only
Hibernate: select jltce1_0.id,jltce1_0.active,jltce1_0.code,jltce1_0.name,jltce1_0.required_documents,jltce1_0.updated_at from license_type_configs jltce1_0 where jltce1_0.id=?
Hibernate: insert into license_type_configs (active,code,name,required_documents,updated_at,id) values (?,?,?,?,?,?)
Hibernate: select jltce1_0.id from license_type_configs jltce1_0 where upper(jltce1_0.code)=upper(?) fetch first ? rows only
Hibernate: select jltce1_0.id,jltce1_0.active,jltce1_0.code,jltce1_0.name,jltce1_0.required_documents,jltce1_0.updated_at from license_type_configs jltce1_0 where jltce1_0.id=?
Hibernate: insert into license_type_configs (active,code,name,required_documents,updated_at,id) values (?,?,?,?,?,?)
Hibernate: select jltce1_0.id from license_type_configs jltce1_0 where upper(jltce1_0.code)=upper(?) fetch first ? rows only
Hibernate: select jltce1_0.id,jltce1_0.active,jltce1_0.code,jltce1_0.name,jltce1_0.required_documents,jltce1_0.updated_at from license_type_configs jltce1_0 where jltce1_0.id=?
Hibernate: insert into license_type_configs (active,code,name,required_documents,updated_at,id) values (?,?,?,?,?,?)
Hibernate: select jltce1_0.id from license_type_configs jltce1_0 where upper(jltce1_0.code)=upper(?) fetch first ? rows only
Hibernate: select jltce1_0.id,jltce1_0.active,jltce1_0.code,jltce1_0.name,jltce1_0.required_documents,jltce1_0.updated_at from license_type_configs jltce1_0 where jltce1_0.id=?
Hibernate: insert into license_type_configs (active,code,name,required_documents,updated_at,id) values (?,?,?,?,?,?)
Hibernate: select jltce1_0.id from license_type_configs jltce1_0 where upper(jltce1_0.code)=upper(?) fetch first ? rows only
Hibernate: select jltce1_0.id,jltce1_0.active,jltce1_0.code,jltce1_0.name,jltce1_0.required_documents,jltce1_0.updated_at from license_type_configs jltce1_0 where jltce1_0.id=?
Hibernate: insert into license_type_configs (active,code,name,required_documents,updated_at,id) values (?,?,?,?,?,?)
Hibernate: select jltce1_0.id from license_type_configs jltce1_0 where upper(jltce1_0.code)=upper(?) fetch first ? rows only
Hibernate: select jltce1_0.id,jltce1_0.active,jltce1_0.code,jltce1_0.name,jltce1_0.required_documents,jltce1_0.updated_at from license_type_configs jltce1_0 where jltce1_0.id=?
Hibernate: insert into license_type_configs (active,code,name,required_documents,updated_at,id) values (?,?,?,?,?,?)
2026-05-09T12:06:44.673+03:00  WARN 30624 --- [tradelicense] [           main] .s.a.UserDetailsServiceAutoConfiguration : 

Using generated security password: 61a91bd8-d0e0-4324-8dbc-862b3d17befb

This generated password is for development use only. Your security configuration must be updated before running your application in production.

2026-05-09T12:06:44.692+03:00  INFO 30624 --- [tradelicense] [           main] r$InitializeUserDetailsManagerConfigurer : Global AuthenticationManager configured with UserDetailsService bean with name inMemoryUserDetailsManager
2026-05-09T12:06:45.188+03:00  INFO 30624 --- [tradelicense] [           main] o.s.b.w.a.WelcomePageHandlerMapping      : Adding welcome page: class path resource [static/index.html]
2026-05-09T12:06:45.772+03:00  INFO 30624 --- [tradelicense] [           main] o.s.b.h.a.H2ConsoleAutoConfiguration     : H2 console available at '/h2-console'. Database available at 'jdbc:h2:mem:tradelicense'
2026-05-09T12:06:46.187+03:00  INFO 30624 --- [tradelicense] [           main] c.t.t.TradelicenseApplicationTests       : Started TradelicenseApplicationTests in 12.08 seconds (process running for 14.634)
]]></system-out>
  </testcase>
</testsuite>